# JRE version: OpenJDK Runtime Environment (21.0.5) (build 21.0.5+-13047016-b750.29)
# Java VM: OpenJDK 64-Bit Server VM (21.0.5+-13047016-b750.29, mixed mode, tiered, compressed oops, compressed class ptrs, g1 gc, windows-amd64)
GC Precious Log:
 CardTable entry size: 512
 Card Set container configuration: InlinePtr #cards 5 size 8 Array Of Cards #cards 12 size 40 Howl #buckets 4 coarsen threshold 1843 Howl Bitmap #cards 512 size 80 coarsen threshold 460 Card regions per heap region 1 cards per card region 2048
 CPUs: 8 total, 8 available
 Memory: 3421M
 Large Page Support: Disabled
 NUMA Support: Disabled
 Compressed Oops: Enabled (32-bit)
 Heap Region Size: 1M
 Heap Min Capacity: 8M
 Heap Initial Capacity: 54M
 Heap Max Capacity: 2G
 Pre-touch: Disabled
 Parallel Workers: 8
 Concurrent Workers: 2
 Concurrent Refinement Workers: 8
 Periodic GC: Disabled
Heap:
 garbage-first heap   total 317440K, used 197120K [0x0000000080000000, 0x0000000100000000)
  region size 1024K, 15 young (15360K), 15 survivors (15360K)
 Metaspace       used 132015K, committed 134208K, reserved 1179648K
  class space    used 18018K, committed 19136K, reserved 1048576K
GC Heap History (20 events):
Event: 24.526 GC heap after
{Heap after GC invocations=43 (full 0):
 garbage-first heap   total 244736K, used 130491K [0x0000000080000000, 0x0000000100000000)
  region size 1024K, 14 young (14336K), 14 survivors (14336K)
 Metaspace       used 120711K, committed 122944K, reserved 1179648K
  class space    used 16411K, committed 17536K, reserved 1048576K
}
Event: 25.073 GC heap before
{Heap before GC invocations=43 (full 0):
 garbage-first heap   total 244736K, used 221627K [0x0000000080000000, 0x0000000100000000)
  region size 1024K, 95 young (97280K), 14 survivors (14336K)
 Metaspace       used 121296K, committed 123520K, reserved 1179648K
  class space    used 16467K, committed 17600K, reserved 1048576K
}
Event: 25.081 GC heap after
{Heap after GC invocations=44 (full 0):
 garbage-first heap   total 244736K, used 126949K [0x0000000080000000, 0x0000000100000000)
  region size 1024K, 4 young (4096K), 4 survivors (4096K)
 Metaspace       used 121296K, committed 123520K, reserved 1179648K
  class space    used 16467K, committed 17600K, reserved 1048576K
}
Event: 26.656 GC heap before
{Heap before GC invocations=44 (full 0):
 garbage-first heap   total 244736K, used 216037K [0x0000000080000000, 0x0000000100000000)
  region size 1024K, 92 young (94208K), 4 survivors (4096K)
 Metaspace       used 123384K, committed 125632K, reserved 1179648K
  class space    used 16719K, committed 17856K, reserved 1048576K
}
Event: 26.669 GC heap after
{Heap after GC invocations=45 (full 0):
 garbage-first heap   total 244736K, used 130351K [0x0000000080000000, 0x0000000100000000)
  region size 1024K, 7 young (7168K), 7 survivors (7168K)
 Metaspace       used 123384K, committed 125632K, reserved 1179648K
  class space    used 16719K, committed 17856K, reserved 1048576K
}
Event: 26.813 GC heap before
{Heap before GC invocations=45 (full 0):
 garbage-first heap   total 244736K, used 218415K [0x0000000080000000, 0x0000000100000000)
  region size 1024K, 94 young (96256K), 7 survivors (7168K)
 Metaspace       used 123463K, committed 125696K, reserved 1179648K
  class space    used 16727K, committed 17856K, reserved 1048576K
}
Event: 26.818 GC heap after
{Heap after GC invocations=46 (full 0):
 garbage-first heap   total 244736K, used 131594K [0x0000000080000000, 0x0000000100000000)
  region size 1024K, 7 young (7168K), 7 survivors (7168K)
 Metaspace       used 123463K, committed 125696K, reserved 1179648K
  class space    used 16727K, committed 17856K, reserved 1048576K
}
Event: 26.957 GC heap before
{Heap before GC invocations=46 (full 0):
 garbage-first heap   total 244736K, used 221706K [0x0000000080000000, 0x0000000100000000)
  region size 1024K, 96 young (98304K), 7 survivors (7168K)
 Metaspace       used 123489K, committed 125696K, reserved 1179648K
  class space    used 16727K, committed 17856K, reserved 1048576K
}
Event: 26.961 GC heap after
{Heap after GC invocations=47 (full 0):
 garbage-first heap   total 244736K, used 131861K [0x0000000080000000, 0x0000000100000000)
  region size 1024K, 7 young (7168K), 7 survivors (7168K)
 Metaspace       used 123489K, committed 125696K, reserved 1179648K
  class space    used 16727K, committed 17856K, reserved 1048576K
}
Event: 27.096 GC heap before
{Heap before GC invocations=47 (full 0):
 garbage-first heap   total 244736K, used 221973K [0x0000000080000000, 0x0000000100000000)
  region size 1024K, 96 young (98304K), 7 survivors (7168K)
 Metaspace       used 123521K, committed 125696K, reserved 1179648K
  class space    used 16727K, committed 17856K, reserved 1048576K
}
Event: 27.101 GC heap after
{Heap after GC invocations=48 (full 0):
 garbage-first heap   total 295936K, used 132142K [0x0000000080000000, 0x0000000100000000)
  region size 1024K, 7 young (7168K), 7 survivors (7168K)
 Metaspace       used 123521K, committed 125696K, reserved 1179648K
  class space    used 16727K, committed 17856K, reserved 1048576K
}
Event: 27.770 GC heap before
{Heap before GC invocations=49 (full 0):
 garbage-first heap   total 295936K, used 268334K [0x0000000080000000, 0x0000000100000000)
  region size 1024K, 144 young (147456K), 7 survivors (7168K)
 Metaspace       used 123525K, committed 125696K, reserved 1179648K
  class space    used 16727K, committed 17856K, reserved 1048576K
}
Event: 27.806 GC heap after
{Heap after GC invocations=50 (full 0):
 garbage-first heap   total 295936K, used 128524K [0x0000000080000000, 0x0000000100000000)
  region size 1024K, 7 young (7168K), 7 survivors (7168K)
 Metaspace       used 123525K, committed 125696K, reserved 1179648K
  class space    used 16727K, committed 17856K, reserved 1048576K
}
Event: 28.654 GC heap before
{Heap before GC invocations=50 (full 0):
 garbage-first heap   total 295936K, used 270860K [0x0000000080000000, 0x0000000100000000)
  region size 1024K, 147 young (150528K), 7 survivors (7168K)
 Metaspace       used 124196K, committed 126400K, reserved 1179648K
  class space    used 16825K, committed 17920K, reserved 1048576K
}
Event: 28.680 GC heap after
{Heap after GC invocations=51 (full 0):
 garbage-first heap   total 295936K, used 127416K [0x0000000080000000, 0x0000000100000000)
  region size 1024K, 11 young (11264K), 11 survivors (11264K)
 Metaspace       used 124196K, committed 126400K, reserved 1179648K
  class space    used 16825K, committed 17920K, reserved 1048576K
}
Event: 29.709 GC heap before
{Heap before GC invocations=51 (full 0):
 garbage-first heap   total 295936K, used 267704K [0x0000000080000000, 0x0000000100000000)
  region size 1024K, 149 young (152576K), 11 survivors (11264K)
 Metaspace       used 128837K, committed 131008K, reserved 1179648K
  class space    used 17509K, committed 18624K, reserved 1048576K
}
Event: 29.792 GC heap after
{Heap after GC invocations=52 (full 0):
 garbage-first heap   total 305152K, used 151750K [0x0000000080000000, 0x0000000100000000)
  region size 1024K, 19 young (19456K), 19 survivors (19456K)
 Metaspace       used 128837K, committed 131008K, reserved 1179648K
  class space    used 17509K, committed 18624K, reserved 1048576K
}
Event: 30.591 GC heap before
{Heap before GC invocations=52 (full 0):
 garbage-first heap   total 305152K, used 268486K [0x0000000080000000, 0x0000000100000000)
  region size 1024K, 133 young (136192K), 19 survivors (19456K)
 Metaspace       used 131309K, committed 133504K, reserved 1179648K
  class space    used 17940K, committed 19072K, reserved 1048576K
}
Event: 30.749 GC heap after
{Heap after GC invocations=53 (full 0):
 garbage-first heap   total 310272K, used 174080K [0x0000000080000000, 0x0000000100000000)
  region size 1024K, 17 young (17408K), 17 survivors (17408K)
 Metaspace       used 131309K, committed 133504K, reserved 1179648K
  class space    used 17940K, committed 19072K, reserved 1048576K
}
Event: 31.180 GC heap before
{Heap before GC invocations=53 (full 0):
 garbage-first heap   total 310272K, used 275456K [0x0000000080000000, 0x0000000100000000)
  region size 1024K, 117 young (119808K), 17 survivors (17408K)
 Metaspace       used 132015K, committed 134208K, reserved 1179648K
  class space    used 18018K, committed 19136K, reserved 1048576K
}

